<?xml version="1.0" encoding="UTF-8"?>
<!-- Generated by org.testng.reporters.JUnitReportReporter -->
<testsuite skipped="0" hostname="Lenovo" name="hpms.admintestcase.testcase" tests="3" failures="0" timestamp="2021-02-18T00:36:21 PST" time="196.341" errors="0">
  <testcase name="verifypagetitle" time="21.747" classname="hpms.admintestcase.testcase"/>
  <system-out/>
  <testcase name="verifylogo" time="75.065" classname="hpms.admintestcase.testcase"/>
  <system-out/>
  <testcase name="login" time="99.529" classname="hpms.admintestcase.testcase"/>
  <system-out/>
</testsuite> <!-- hpms.admintestcase.testcase -->
